\BOOKMARK [0][-]{chapter*.2}{Diario delle modifiche}{}% 1
\BOOKMARK [0][-]{chapter*.3}{Introduzione}{}% 2
\BOOKMARK [1][-]{section.1.1}{Scopo del documento}{chapter*.3}% 3
\BOOKMARK [1][-]{section.1.2}{Scopo del Prodotto}{chapter*.3}% 4
\BOOKMARK [1][-]{section.1.3}{Glossario}{chapter*.3}% 5
\BOOKMARK [1][-]{section.1.4}{Riferimenti}{chapter*.3}% 6
\BOOKMARK [2][-]{subsection.1.4.1}{Informativi}{section.1.4}% 7
\BOOKMARK [2][-]{subsection.1.4.2}{Normativi}{section.1.4}% 8
\BOOKMARK [0][-]{chapter*.4}{Scelta del capitolato C6}{}% 9
\BOOKMARK [1][-]{section.2.1}{Descrizione del capitolato}{chapter*.4}% 10
\BOOKMARK [1][-]{section.2.2}{Dominio applicativo}{chapter*.4}% 11
\BOOKMARK [1][-]{section.2.3}{Dominio tecnologico}{chapter*.4}% 12
\BOOKMARK [1][-]{section.2.4}{Criticit\340 potenziali e costi}{chapter*.4}% 13
\BOOKMARK [1][-]{section.2.5}{Analisi del mercato e benefici}{chapter*.4}% 14
\BOOKMARK [1][-]{section.2.6}{Considerazioni e valutazioni finali}{chapter*.4}% 15
\BOOKMARK [2][-]{subsection.2.6.1}{Aspetti positivi}{section.2.6}% 16
\BOOKMARK [2][-]{subsection.2.6.2}{Aspetti negativi}{section.2.6}% 17
\BOOKMARK [0][-]{chapter*.5}{Gli altri progetti}{}% 18
\BOOKMARK [1][-]{section.3.1}{NomeCapitolato}{chapter*.5}% 19
\BOOKMARK [2][-]{subsection.3.1.1}{Valutazione Generale}{section.3.1}% 20
\BOOKMARK [2][-]{subsection.3.1.2}{Potenziali Criticit\340}{section.3.1}% 21
\BOOKMARK [0][-]{subsection.3.1.2}{Elenco delle tabelle}{}% 22
